Getting data from http://www.fontanka.ru/fontanka/2015/12/15/all.html
spb 2015/12/15 11:25 Суд оставил в силе решение ФАС о незаконности сноса рекламных конструкций
spb 2015/12/15 11:17 "Квадрат.ру": Спрос на дачи на Карельском перешейке упал на 60%
spb 2015/12/15 11:17 Мужчина, выпавший с 7 этажа в Калининском районе, выжил
spb 2015/12/15 11:11 Смольный: Завод Bosch-Siemens может возобновить производство на следующей неделе
spb 2015/12/15 11:09 В сгоревшем гараже в Выборгском районе нашли тело мужчины
spb 2015/12/15 11:02 Дольщица строительной компании «Импульс» отсудила ребёнка у её основателя
spb 2015/12/15 10:56 Промышленное производство за 11 месяцев упало в Петербурге на 8%
spb 2015/12/15 10:50 Четыре человека пострадали в ДТП под Лугой
spb 2015/12/15 10:33 На дамбе крупная авария с фурой. Движение парализовано
spb 2015/12/15 10:21 На Васильевском острове ищут развратника, испугавшего двух школьниц
spb 2015/12/15 10:09 В ТЦ «Миллер» полицейский с окровавленным лицом бегал за подростком, напавшим на пятиклассника
spb 2015/12/15 09:41 В салатах из петербургских супермаркетов обнаружили плесень и стафилококк
spb 2015/12/15 08:29 К вечеру в Петербурге вновь усилится ветер
spb 2015/12/15 08:13 На Маршала Жукова сгорели четыре иномарки
spb 2015/12/15 08:05 "Звездный дождь" от петербуржцев спрятала облачность
spb 2015/12/15 04:26 В Петербурге создадут «бродячий» музей кино
spb 2015/12/15 01:47 Лауреат «Русского Букера» Александр Снегирёв расскажет о «Вере»
spb 2015/12/15 01:36 «Золотая маска» покажет петербуржцам «Самоубийцу»
spb 2015/12/15 01:20 Живой классик кино Йос Стеллинг поделится секретами в «Авроре»
spb 2015/12/15 00:46 Саакашвили обвинил Авакова в контроле боевиков. И заявил о горячей любви к Украине
spb 2015/12/15 00:34 ВЦИОМ: 52 процента пользователей хорошо оценивают работу «Ленэнерго»
rus 2015/12/15 11:21 ФСБ: 2,9 тыс. россиян подозреваются в причастности к террористам Сирии и Ирака
rus 2015/12/15 11:05 Керри: У России и США есть желание урегулировать ситуацию в Сирии и на Украине
rus 2015/12/15 11:01 ВЦИОМ: Более половины россиян не готовы сдавать нормы ГТО
rus 2015/12/15 10:44 Дальнобойщики продолжат протестовать, несмотря на снижение штрафов по «Платону»
rus 2015/12/15 10:27 В Москве началась встреча Лаврова и Керри
rus 2015/12/15 10:05 Президент подписал закон, снижающий штрафы за неуплату сборов в "Платон"
rus 2015/12/15 09:49 Путин подписал закон, разрешающий россиянам получать два загранпаспорта
rus 2015/12/15 09:25 Медведев призвал ШОС создать финансовую систему без доллара
rus 2015/12/15 09:17 Мировые цены на нефть продолжили падение
rus 2015/12/15 08:45 Число пострадавших при перестрелке в московском кафе выросло до восьми
rus 2015/12/15 00:41 ФАС возбудила дело против «Спартака» за рекламу букмекеров на «Матч ТВ»
rus 2015/12/15 00:24 Житель Тюменской области убил пенсионера из-за пельменей
mir 2015/12/15 10:39 В штате Нью-Йорк аварийно отключился реактор АЭС
mir 2015/12/15 09:57 СМИ: Финляндия получила список из 1700 террористов среди просителей убежища в ЕС
mir 2015/12/15 09:33 ОБСЕ: Интенсивность конфликта на востоке Украины снижается
mir 2015/12/15 09:01 ЦБ Китая понизил курс юаня до 4,5-летнего минимума
mir 2015/12/15 08:37 Саудовская Аравия объявила о создании исламской коалиции по борьбе с терроризмом
mir 2015/12/15 08:21 Китай предложил создать зону свободной торговли в рамках ШОС
mir 2015/12/15 00:59 Киевский суд удовлетворил иск Коломойского к Саакашвили
mir 2015/12/15 00:12 Самая дешевая нефть подешевела почти до 20 долларов за бочку
mir 2015/12/15 00:05 В Калифорнии пожар уничтожил рождественскую елку за 120 тысяч долларов
